<?xml version="1.0" encoding="utf-8"?><testsuites><testsuite name="pytest" errors="0" failures="0" skipped="0" tests="21" time="0.340" timestamp="2025-11-20T12:40:56.996821-05:00" hostname="FrankHz"><testcase classname="tests.test_carrito" name="test_agregar_producto_nuevo" time="0.070" /><testcase classname="tests.test_carrito" name="test_agregar_producto_existente_incrementa_cantidad" time="0.004" /><testcase classname="tests.test_carrito" name="test_remover_producto" time="0.003" /><testcase classname="tests.test_carrito" name="test_remover_producto_completo" time="0.003" /><testcase classname="tests.test_carrito" name="test_actualizar_cantidad_producto" time="0.003" /><testcase classname="tests.test_carrito" name="test_actualizar_cantidad_a_cero_remueve_producto" time="0.004" /><testcase classname="tests.test_carrito" name="test_calcular_total" time="0.004" /><testcase classname="tests.test_carrito" name="test_aplicar_descuento" time="0.004" /><testcase classname="tests.test_carrito" name="test_aplicar_descuento_limites" time="0.004" /><testcase classname="tests.test_descuentos_parametrizados" name="test_descuento_total[10.0-1-0.0-10.0]" time="0.004" /><testcase classname="tests.test_descuentos_parametrizados" name="test_descuento_total[10.0-1-0.01-9.9]" time="0.004" /><testcase classname="tests.test_descuentos_parametrizados" name="test_descuento_total[10.01-1-0.3333-6.67]" time="0.004" /><testcase classname="tests.test_descuentos_parametrizados" name="test_descuento_total[100.0-1-0.5-50.0]" time="0.004" /><testcase classname="tests.test_descuentos_parametrizados" name="test_descuento_total[1.0-1-0.9999-0.0]" time="0.004" /><testcase classname="tests.test_descuentos_parametrizados" name="test_descuento_total[50.0-1-1.0-0.0]" time="0.004" /><testcase classname="tests.test_shopping_cart" name="test_add_item" time="0.004" /><testcase classname="tests.test_shopping_cart" name="test_remove_item" time="0.003" /><testcase classname="tests.test_shopping_cart" name="test_calculate_total" time="0.003" /><testcase classname="tests.test_shopping_cart" name="test_apply_discount" time="0.003" /><testcase classname="tests.test_shopping_cart" name="test_process_payment" time="0.004" /><testcase classname="tests.test_shopping_cart" name="test_process_payment_failure" time="0.004" /></testsuite></testsuites>